number,value,datetime_start,datetime_complete,duration,params_colsample_bytree,params_gamma,params_learning_rate,params_max_depth,params_min_child_weight,params_n_estimators,params_reg_lambda,params_subsample,state
0,15.900293350219727,2026-02-23 03:12:23.810728,2026-02-23 03:12:24.050309,0 days 00:00:00.239581,0.6624074561769746,4.330880728874676,0.08960785365368121,8,2,600,0.01555019165426488,0.8394633936788146,COMPLETE
1,16.1759090423584,2026-02-23 03:12:24.051054,2026-02-23 03:12:24.611728,0 days 00:00:00.560674,0.9329770563201687,0.9170225492671691,0.010636066512540286,6,3,800,0.039829941698924086,0.9879639408647978,COMPLETE
2,15.206340789794922,2026-02-23 03:12:24.612454,2026-02-23 03:12:24.846720,0 days 00:00:00.234266,0.8447411578889518,1.8318092164684585,0.03647316284911211,5,2,400,0.09212515846231674,0.7164916560792167,COMPLETE
3,16.13991928100586,2026-02-23 03:12:24.847533,2026-02-23 03:12:25.281985,0 days 00:00:00.434452,0.836965827544817,0.8526206184364576,0.018187859051288217,7,1,600,1.0128002032729382,0.8056937753654446,COMPLETE
4,18.617895126342773,2026-02-23 03:12:25.282728,2026-02-23 03:12:25.418803,0 days 00:00:00.136075,0.7218455076693483,2.2007624686980067,0.18043311207136256,8,1,200,1.8141523033666782,0.9233589392465844,COMPLETE
5,21.372417449951172,2026-02-23 03:12:25.419527,2026-02-23 03:12:25.547121,0 days 00:00:00.127594,0.7035119926400067,2.600340105889054,0.011085122517311707,5,7,200,0.10689751565977942,0.9637281608315128,COMPLETE
6,14.289787292480469,2026-02-23 03:12:25.547841,2026-02-23 03:12:25.827856,0 days 00:00:00.280015,0.9757995766256756,4.609371175115584,0.18258230439200238,3,9,800,0.9412083349710854,0.9100531293444458,COMPLETE
7,22.97079849243164,2026-02-23 03:12:25.828586,2026-02-23 03:12:25.919627,0 days 00:00:00.091041,0.7554709158757928,1.7837666334679465,0.011450964268326641,3,3,200,5.441108375656199,0.7301321323053057,COMPLETE
8,14.391528129577637,2026-02-23 03:12:25.920347,2026-02-23 03:12:26.128413,0 days 00:00:00.208066,0.6298202574719083,0.993578407670862,0.015252697030515175,5,10,400,3.5416296712651336,0.9208787923016158,COMPLETE
9,15.465506553649902,2026-02-23 03:12:26.129233,2026-02-23 03:12:26.251629,0 days 00:00:00.122396,0.9085081386743783,0.5793452976256486,0.08310795711416077,7,1,200,0.15251273957388442,0.8916028672163949,COMPLETE
10,13.845304489135742,2026-02-23 03:12:26.252366,2026-02-23 03:12:27.040196,0 days 00:00:00.787830,0.9935496864584779,4.883839283223654,0.18255631599020622,2,10,1200,14.730992938434454,0.6071847502459279,COMPLETE
11,12.74215030670166,2026-02-23 03:12:27.040950,2026-02-23 03:12:27.472084,0 days 00:00:00.431134,0.9895680834513327,4.842465731220766,0.19550037029615172,2,10,1200,18.046579829698008,0.6068744601075835,COMPLETE
12,14.216537475585938,2026-02-23 03:12:27.472835,2026-02-23 03:12:27.924965,0 days 00:00:00.452130,0.9934384626352483,3.746733168204598,0.11750339105581896,2,8,1200,19.56551112533574,0.6014562981232444,COMPLETE
13,15.214122772216797,2026-02-23 03:12:27.925700,2026-02-23 03:12:28.489945,0 days 00:00:00.564245,0.8985218327841324,3.5663533787793638,0.047058086218168906,2,6,1200,19.903313628359584,0.6040569883749647,COMPLETE
14,13.574705123901367,2026-02-23 03:12:28.490707,2026-02-23 03:12:28.869542,0 days 00:00:00.378835,0.9968170717875128,4.980084946806068,0.12532664913471375,3,10,1000,7.236464581376933,0.6638123593227387,COMPLETE
15,14.476545333862305,2026-02-23 03:12:28.870285,2026-02-23 03:12:29.299670,0 days 00:00:00.429385,0.9377227911960423,3.776476080229373,0.11386044371678346,4,8,1000,6.149278333336055,0.6831504972549878,COMPLETE
16,15.584003448486328,2026-02-23 03:12:29.300404,2026-02-23 03:12:29.749490,0 days 00:00:00.449086,0.8682180570419546,3.197342331354389,0.05269736044105008,3,6,1000,7.823299310998012,0.6656653569178241,COMPLETE
17,13.409220695495605,2026-02-23 03:12:29.750214,2026-02-23 03:12:30.158574,0 days 00:00:00.408360,0.7791074799112863,4.356350023944869,0.12404066871939609,4,9,1000,2.499041709301236,0.6662904710516973,COMPLETE
18,14.8607177734375,2026-02-23 03:12:30.159314,2026-02-23 03:12:30.576076,0 days 00:00:00.416762,0.7961387950930277,4.134302769889695,0.07319546588004401,4,8,1000,2.699019108760359,0.755715522802903,COMPLETE
19,14.764444351196289,2026-02-23 03:12:30.576824,2026-02-23 03:12:31.116051,0 days 00:00:00.539227,0.7977648796509015,3.0114397512752067,0.030937346837782095,4,5,1200,0.42565806327028183,0.6571817083249452,COMPLETE
20,13.584918975830078,2026-02-23 03:12:31.116815,2026-02-23 03:12:31.435475,0 days 00:00:00.318660,0.7727431143998708,4.3187238532177235,0.14076099355609847,6,9,800,0.49697794419053193,0.7725786273745676,COMPLETE
21,13.836796760559082,2026-02-23 03:12:31.436205,2026-02-23 03:12:31.839773,0 days 00:00:00.403568,0.9509007769057463,4.956247039117949,0.13533125537725985,3,10,1000,10.020836849966614,0.6454621738753797,COMPLETE
22,14.949161529541016,2026-02-23 03:12:31.840602,2026-02-23 03:12:32.261623,0 days 00:00:00.421021,0.8804204252417901,4.971075710358378,0.06405305115712619,4,9,1000,3.6224013941560385,0.6995779135100956,COMPLETE
23,14.37982177734375,2026-02-23 03:12:32.262358,2026-02-23 03:12:32.719557,0 days 00:00:00.457199,0.956783631117864,4.159865256892557,0.10037805287227888,2,10,1200,9.019620540667498,0.6378586044297989,COMPLETE
24,14.167811393737793,2026-02-23 03:12:32.720386,2026-02-23 03:12:33.109188,0 days 00:00:00.388802,0.7316649530550162,4.522457264033608,0.14601735205600558,3,9,1000,1.5985071598203555,0.6372504419696073,COMPLETE
